Updated
Updated
Updated hash:98982bdafb2c8937725e3d2eb2015c767e46b7ed
Updated hash:5aeef1c30c73a8f67e5ba849214000415519662e ######################
NAME                           READY   STATUS        RESTARTS   AGE
hello-world-6df5659cb7-7ltkz   1/1     Running       0          4m5s
hello-world-6df5659cb7-8q8fg   1/1     Terminating   0          4m5s
hello-world-6df5659cb7-l7rdb   1/1     Running       0          121m
hello-world-6df5659cb7-z7546   1/1     Running       0          33m
Updated hash:f6e2af6deb7ce4e943821bb83cb15fd15ccb9321 ######################
NAME                           READY   STATUS        RESTARTS   AGE
hello-world-6df5659cb7-7ltkz   1/1     Terminating   0          5m58s
hello-world-6df5659cb7-l7rdb   1/1     Running       0          123m
hello-world-6df5659cb7-z7546   1/1     Running       0          34m
#### Updated hash:ddae863b97ac1094184a054fca9a044a5fed9813 ########### 2020-12-29 00:22:47.060188746 +0000 UTC m=+42.044031851 #####
NAME                           READY   STATUS    RESTARTS   AGE
hello-world-6df5659cb7-jq5wf   1/1     Running   0          10s
hello-world-6df5659cb7-l7rdb   1/1     Running   0          127m
hello-world-6df5659cb7-wrqfb   1/1     Running   0          10s
hello-world-6df5659cb7-z7546   1/1     Running   0          38m
#### Updated hash:3a6333a7c24dcde6185b2d6917341f724cf332fb ########### 2020-12-29 00:24:43.675708635 +0000 UTC m=+40.078521908 #####
NAMESPACE             NAME                                    READY   STATUS        RESTARTS   AGE
default               hello-world-6df5659cb7-jq5wf            1/1     Running       0          2m6s
default               hello-world-6df5659cb7-l7rdb            1/1     Running       0          128m
default               hello-world-6df5659cb7-wrqfb            1/1     Terminating   0          2m6s
default               hello-world-6df5659cb7-z7546            1/1     Running       0          40m
gitlab-managed-apps   runner-gitlab-runner-57b9ffc46c-pgrdj   1/1     Running       0          18d
gitlab-managed-apps   tiller-deploy-9959f4dc6-hmzjh           1/1     Running       0          18d
kube-system           coredns-f9fd979d6-jtwb7                 1/1     Running       0          21d
kube-system           coredns-f9fd979d6-pzq7w                 1/1     Running       0          21d
kube-system           etcd-master-node                        1/1     Running       0          21d
kube-system           kube-apiserver-master-node              1/1     Running       0          21d
kube-system           kube-controller-manager-master-node     1/1     Running       0          21d
kube-system           kube-flannel-ds-xw5dt                   1/1     Running       0          21d
kube-system           kube-proxy-n7mnz                        1/1     Running       0          21d
kube-system           kube-scheduler-master-node              1/1     Running       0          21d
#### Updated hash:7c0a9ae0685abca6c3491d88fe31df45f4f695c0 ########### 2020-12-29 00:26:30.276533222 +0000 UTC m=+47.154629728 #####
NAMESPACE             NAME                                    READY   STATUS    RESTARTS   AGE
default               hello-world-6df5659cb7-jq5wf            1/1     Running   0          3m53s
default               hello-world-6df5659cb7-k684h            1/1     Running   0          10s
default               hello-world-6df5659cb7-l7rdb            1/1     Running   0          130m
default               hello-world-6df5659cb7-z7546            1/1     Running   0          42m
gitlab-managed-apps   runner-gitlab-runner-57b9ffc46c-pgrdj   1/1     Running   0          18d
gitlab-managed-apps   tiller-deploy-9959f4dc6-hmzjh           1/1     Running   0          18d
kube-system           coredns-f9fd979d6-jtwb7                 1/1     Running   0          21d
kube-system           coredns-f9fd979d6-pzq7w                 1/1     Running   0          21d
kube-system           etcd-master-node                        1/1     Running   0          21d
kube-system           kube-apiserver-master-node              1/1     Running   0          21d
kube-system           kube-controller-manager-master-node     1/1     Running   0          21d
kube-system           kube-flannel-ds-xw5dt                   1/1     Running   0          21d
kube-system           kube-proxy-n7mnz                        1/1     Running   0          21d
kube-system           kube-scheduler-master-node              1/1     Running   0          21d
